2026-03-19 19:08:07.139 +03:00 [INF] Now listening on: http://localhost:5026
2026-03-19 19:08:07.199 +03:00 [INF] Application started. Press Ctrl+C to shut down.
2026-03-19 19:08:07.200 +03:00 [INF] Hosting environment: Development
2026-03-19 19:08:07.201 +03:00 [INF] Content root path: C:\Users\valed\Documents\CRM
2026-03-19 19:08:29.172 +03:00 [INF] Request starting HTTP/1.1 GET http://localhost:5026/swagger - null null
2026-03-19 19:08:29.255 +03:00 [INF] Request finished HTTP/1.1 GET http://localhost:5026/swagger - 301 0 null 83.6506ms
2026-03-19 19:08:29.261 +03:00 [INF] Request starting HTTP/1.1 GET http://localhost:5026/swagger/index.html - null null
2026-03-19 19:08:29.342 +03:00 [INF] Request finished HTTP/1.1 GET http://localhost:5026/swagger/index.html - 200 null text/html;charset=utf-8 81.4286ms
2026-03-19 19:08:29.387 +03:00 [INF] Request starting HTTP/1.1 GET http://localhost:5026/swagger/swagger-ui.css - null null
2026-03-19 19:08:29.387 +03:00 [INF] Request starting HTTP/1.1 GET http://localhost:5026/swagger/index.css - null null
2026-03-19 19:08:29.389 +03:00 [INF] Request starting HTTP/1.1 GET http://localhost:5026/swagger/swagger-ui-bundle.js - null null
2026-03-19 19:08:29.390 +03:00 [INF] Request starting HTTP/1.1 GET http://localhost:5026/swagger/index.js - null null
2026-03-19 19:08:29.390 +03:00 [INF] Request starting HTTP/1.1 GET http://localhost:5026/swagger/swagger-ui-standalone-preset.js - null null
2026-03-19 19:08:29.400 +03:00 [INF] Request finished HTTP/1.1 GET http://localhost:5026/swagger/index.js - 200 null application/javascript;charset=utf-8 9.99ms
2026-03-19 19:08:29.417 +03:00 [INF] Request finished HTTP/1.1 GET http://localhost:5026/swagger/swagger-ui.css - 200 26248 text/css 29.1404ms
2026-03-19 19:08:29.417 +03:00 [INF] Request finished HTTP/1.1 GET http://localhost:5026/swagger/index.css - 200 152 text/css 29.0319ms
2026-03-19 19:08:29.430 +03:00 [INF] Request finished HTTP/1.1 GET http://localhost:5026/swagger/swagger-ui-standalone-preset.js - 200 77848 text/javascript 40.3847ms
2026-03-19 19:08:29.430 +03:00 [INF] Request finished HTTP/1.1 GET http://localhost:5026/swagger/swagger-ui-bundle.js - 200 424871 text/javascript 40.7894ms
2026-03-19 19:08:29.618 +03:00 [INF] Request starting HTTP/1.1 GET http://localhost:5026/swagger/v1/swagger.json - null null
2026-03-19 19:08:29.635 +03:00 [INF] Request starting HTTP/1.1 GET http://localhost:5026/swagger/favicon-32x32.png - null null
2026-03-19 19:08:29.639 +03:00 [INF] Request finished HTTP/1.1 GET http://localhost:5026/swagger/favicon-32x32.png - 200 628 image/png 4.4449ms
2026-03-19 19:08:29.763 +03:00 [INF] Request finished HTTP/1.1 GET http://localhost:5026/swagger/v1/swagger.json - 200 null application/json;charset=utf-8 144.6301ms
2026-03-19 19:10:21.162 +03:00 [INF] Application is shutting down...
2026-03-19 19:17:51.893 +03:00 [ERR] Failed executing DbCommand (17ms) [Parameters=[], CommandType='"Text"', CommandTimeout='30']
SELECT "MigrationId", "ProductVersion"
FROM "__EFMigrationsHistory"
ORDER BY "MigrationId";
2026-03-19 19:17:52.166 +03:00 [INF] Acquiring an exclusive lock for migration application. See https://aka.ms/efcore-docs-migrations-lock for more information if this takes too long.
2026-03-19 19:17:52.181 +03:00 [INF] Applying migration '20260319161240_InitialCreate'.
2026-03-19 19:30:00.727 +03:00 [INF] Now listening on: http://localhost:5026
2026-03-19 19:30:00.772 +03:00 [INF] Application started. Press Ctrl+C to shut down.
2026-03-19 19:30:00.774 +03:00 [INF] Hosting environment: Development
2026-03-19 19:30:00.775 +03:00 [INF] Content root path: C:\Users\valed\Documents\CRM
2026-03-19 19:32:20.707 +03:00 [INF] Request starting HTTP/1.1 POST http://localhost:5026/api/leads/ - application/json 91
2026-03-19 19:32:20.747 +03:00 [INF] Executing endpoint 'JsonFileApi.Controllers.LeadsController.Create (CRM)'
2026-03-19 19:32:20.774 +03:00 [INF] Route matched with {action = "Create", controller = "Leads"}. Executing controller action with signature System.Threading.Tasks.Task`1[Microsoft.AspNetCore.Mvc.IActionResult] Create(CRM.DTO.CreateLeadRequest) on controller JsonFileApi.Controllers.LeadsController (CRM).
2026-03-19 19:32:21.959 +03:00 [INF] Executed DbCommand (82ms) [Parameters=[@p0='?' (DbType = Int32), @p1='?' (DbType = DateTime), @p2='?', @p3='?', @p4='?', @p5='?', @p6='?' (DbType = Int32), @p7='?' (DbType = DateTime)], CommandType='"Text"', CommandTimeout='30']
INSERT INTO "Leads" ("Id", "CreatedAtUtc", "Email", "Name", "Phone", "Source", "Status", "UpdatedAtUtc")
VALUES (@p0, @p1, @p2, @p3, @p4, @p5, @p6, @p7);
2026-03-19 19:32:21.998 +03:00 [INF] Executing CreatedAtActionResult, writing value of type 'CRM.Models.Lead'.
2026-03-19 19:32:22.027 +03:00 [INF] Executed action JsonFileApi.Controllers.LeadsController.Create (CRM) in 1247.8433ms
2026-03-19 19:32:22.030 +03:00 [INF] Executed endpoint 'JsonFileApi.Controllers.LeadsController.Create (CRM)'
2026-03-19 19:32:22.040 +03:00 [INF] Request finished HTTP/1.1 POST http://localhost:5026/api/leads/ - 201 null application/json; charset=utf-8 1335.8121ms
2026-03-19 19:33:55.389 +03:00 [INF] Application is shutting down...
